uBridge version 0.9.16 running with Npcap version 1.78, based on libpcap version 1.10.4
Hypervisor TCP control server started (IP localhost port 50980).
Ethernet interface \Device\NPF_{A8B39A2A-90F1-4ABB-8677-6F09BB42FF57}
UDP tunnel connecting from local port 10006 to IPv4 addresss 127.0.0.1 on port 10007
Source NIO listener thread for ethernet0.vnet has started
Destination NIO listener thread for ethernet0.vnet has started
Ethernet interface \Device\NPF_{A33CB42D-DDD6-442D-9A35-0880709AF997}
UDP tunnel connecting from local port 10009 to IPv4 addresss 127.0.0.1 on port 10008
Source NIO listener thread for ethernet1.vnet has started
Destination NIO listener thread for ethernet1.vnet has started
Ethernet interface \Device\NPF_{FEF60CD7-49FD-4E90-BFC0-D1694722ABC4}
UDP tunnel connecting from local port 10010 to IPv4 addresss 127.0.0.1 on port 10011
Source NIO listener thread for ethernet2.vnet has started
Destination NIO listener thread for ethernet2.vnet has started
pcap_sendpacket: send error: PacketSendPacket failed: A device attached to the system is not functioning.  (31)
send: No error
Destination NIO listener thread for ethernet0.vnet has stopped
Ethernet interface \Device\NPF_{A8B39A2A-90F1-4ABB-8677-6F09BB42FF57}
UDP tunnel connecting from local port 10006 to IPv4 addresss 127.0.0.1 on port 10007
Source NIO listener thread for ethernet0.vnet has started
Destination NIO listener thread for ethernet0.vnet has started
Ethernet interface \Device\NPF_{A8B39A2A-90F1-4ABB-8677-6F09BB42FF57}
UDP tunnel connecting from local port 10006 to IPv4 addresss 127.0.0.1 on port 10007
Source NIO listener thread for ethernet0.vnet has started
Destination NIO listener thread for ethernet0.vnet has started
pcap_sendpacket: send error: PacketSendPacket failed: A device attached to the system is not functioning.  (31)
send: No error
Destination NIO listener thread for ethernet0.vnet has stopped
Ethernet interface \Device\NPF_{A8B39A2A-90F1-4ABB-8677-6F09BB42FF57}
UDP tunnel connecting from local port 10007 to IPv4 addresss 127.0.0.1 on port 10006
Source NIO listener thread for ethernet0.vnet has started
Destination NIO listener thread for ethernet0.vnet has started
